


ARM Macro Assembler    Page 1 


    1 00000000         ;---------------------------------------
    2 00000000         ;  Author: 411440521 JoshLee  
    3 00000000         ;  Date: 2023/10/27    
    4 00000000         ;---------------------------------------
    5 00000000                 AREA             prog1, CODE, READONLY
    6 00000000                 ENTRY
    7 00000000         
    8 00000000 E59F301C        LDR              R3, =731    ; R3 = 731
    9 00000004         
   10 00000004 E3A01006        MOV              R1, #6      ; R1 = 6
   11 00000008 E0020393        MUL              R2, R3, R3  ; R2 = x^2
   12 0000000C E0010192        MUL              R1, R2, R1  ; R1 = 6x^2
   13 00000010         
   14 00000010 E3A02009        MOV              R2, #9      ; R2 = 9
   15 00000014 E0020293        MUL              R2, R3, R2  ; R2 = 9x
   16 00000018         
   17 00000018 E0412002        SUB              R2, R1, R2  ; R2 = 6x^2 - 9x
   18 0000001C E2822002        ADD              R2, R2, #2  ; R2 = 6x^2 - 9x + 
                                                            2
   19 00000020         
   20 00000020         ; R3 is the answer
   21 00000020         
   22 00000020 EAFFFFFE 
                       stop    B                stop
   23 00000024                 END
              000002DB 
Command Line: --debug --xref --diag_suppress=9931 --apcs=interwork --depend=.\o
bjects\prog1.d -o.\objects\prog1.o -IC:\Keil_v5\ARM\RV31\INC -IC:\Keil_v5\ARM\C
MSIS\Include -IC:\Keil_v5\ARM\INC\Philips --predefine="__EVAL SETA 1" --predefi
ne="__UVISION_VERSION SETA 528" --list=.\listings\prog1.lst prog1.s



ARM Macro Assembler    Page 1 Alphabetic symbol ordering
Relocatable symbols

prog1 00000000

Symbol: prog1
   Definitions
      At line 5 in file prog1.s
   Uses
      None
Comment: prog1 unused
stop 00000020

Symbol: stop
   Definitions
      At line 22 in file prog1.s
   Uses
      At line 22 in file prog1.s
Comment: stop used once
2 symbols
336 symbols in table
