


ARM Macro Assembler    Page 1 


    1 00000000 00000100 
                       Stack   EQU              0x00000100
    2 00000000 00000D14 
                       DivbyZ  EQU              0xD14
    3 00000000 00000D24 
                       SYSHNDCTRL
                               EQU              0xD24
    4 00000000 00000D2A 
                       Usagefault
                               EQU              0xD2A
    5 00000000 E000E000 
                       NVICBase
                               EQU              0xE000E000
    6 00000000         
    7 00000000                 AREA             STACK, NOINIT, READWRITE, ALIGN
 = 3
    8 00000000         StackMem
    9 00000000                 SPACE            Stack
   10 00000100                 PRESERVE8
   11 00000100         
   12 00000100                 AREA             RESET, CODE, READONLY
   13 00000000                 THUMB
   14 00000000         ; 411440521 JoshLee
   15 00000000         ; The vector table sits here
   16 00000000         ; We'll define just a few of them and leave the rest at 
                       0 for now
   17 00000000 00000100        DCD              StackMem + Stack ; Top of Stack
                                                            
   18 00000004 00000000        DCD              Reset_Handler ; Reset Handler
   19 00000008 00000000        DCD              NmiISR      ; NMI Handler
   20 0000000C 00000000        DCD              FaultISR    ; Hard Fault Handle
                                                            r
   21 00000010 00000000        DCD              IntDefaultHandler 
                                                            ; MPU Fault Handler
                                                            
   22 00000014 00000000        DCD              IntDefaultHandler 
                                                            ; Bus Fault Handler
                                                            
   23 00000018 00000000        DCD              IntDefaultHandler ; Usage Fault
                                                             Handler
   24 0000001C         
   25 0000001C                 EXPORT           Reset_Handler
   26 0000001C                 ENTRY
   27 0000001C         ; 411440521 JoshLee
   28 0000001C         Reset_Handler
   29 0000001C         ; enable the divide-by-zero trap
   30 0000001C         ; located in the NVIC
   31 0000001C         ; base: 0xE000E000
   32 0000001C         ; offset: 0xD14
   33 0000001C         ; bit: 4
   34 0000001C F04F 26E0       LDR              r6, =NVICBase
   35 00000020 F640 5714       LDR              r7, =DivbyZ
   36 00000024 59F1            LDR              r1, [r6, r7]
   37 00000026 F041 0110       ORR              r1, #0x10   ; enable bit 4
   38 0000002A 51F1            STR              r1, [r6, r7]
   39 0000002C         
   40 0000002C         ; now turn on the usage fault exception
   41 0000002C F640 5724       LDR              r7, =SYSHNDCTRL ; (p. 163)
   42 00000030 59F1            LDR              r1, [r6, r7]



ARM Macro Assembler    Page 2 


   43 00000032 F441 2180       ORR              r1, #0x40000
   44 00000036 51F1            STR              r1, [r6, r7]
   45 00000038         
   46 00000038         ; try out a divide by 2 then a divide by 0!
   47 00000038 F04F 0000       MOV              r0, #0
   48 0000003C F04F 3111       MOV              r1, #0x11111111
   49 00000040 F04F 3222       MOV              r2, #0x22222222
   50 00000044 F04F 3333       MOV              r3, #0x33333333
   51 00000048         
   52 00000048         ; this divide works just fine
   53 00000048 FBB2 F4F1       UDIV             r4, r2, r1
   54 0000004C         ; this divide takes an exception
   55 0000004C FBB3 F5F0       UDIV             r5, r3, r0
   56 00000050         
   57 00000050 E7FE    Exit    B                Exit
   58 00000052         
   59 00000052 E7FE    NmiISR  B                NmiISR
   60 00000054 E7FE    FaultISR
                               B                FaultISR
   61 00000056         
   62 00000056         ; 411440521 JoshLee
   63 00000056         IntDefaultHandler
   64 00000056         ; let's read the Usage Fault Status Register
   65 00000056 F640 572A       LDR              r7, =Usagefault
   66 0000005A 5BF1            LDRH             r1, [r6, r7]
   67 0000005C F491 7F00       TEQ              r1, #0x200
   68 00000060         
   69 00000060         ; 15-1
   70 00000060         ; r1 should have bit 9 set indicating
   71 00000060         ; a devide-by-zero has taken place
   72 00000060 BF08            IT               EQ
   73 00000062 F8DF 9010       LDREQ            r9, =0xDEADDEAD
   74 00000066         
   75 00000066         ; 15-2
   76 00000066         ; switch to user Thread mode
   77 00000066 F3EF 8814       MRS              r8, CONTROL
   78 0000006A F048 0801       ORR              r8, r8, #1
   79 0000006E F388 8814       MSR              CONTROL, r8
   80 00000072 4770            BX               LR
   81 00000074         
   82 00000074                 ALIGN
   83 00000074         
   84 00000074                 END
              DEADDEAD 
Command Line: --debug --xref --diag_suppress=9931 --cpu=Cortex-M4.fp --apcs=int
erwork --depend=.\objects\prog1.d -o.\objects\prog1.o -IC:\Keil_v5\ARM\RV31\INC
 -IC:\Keil_v5\ARM\CMSIS\Include -IC:\Keil_v5\ARM\INC\TI\TM4C123 --predefine="__
EVAL SETA 1" --predefine="__UVISION_VERSION SETA 528" --list=.\listings\prog1.l
st prog1.s



ARM Macro Assembler    Page 1 Alphabetic symbol ordering
Relocatable symbols

STACK 00000000

Symbol: STACK
   Definitions
      At line 7 in file prog1.s
   Uses
      None
Comment: STACK unused
StackMem 00000000

Symbol: StackMem
   Definitions
      At line 8 in file prog1.s
   Uses
      At line 17 in file prog1.s
Comment: StackMem used once
2 symbols



ARM Macro Assembler    Page 1 Alphabetic symbol ordering
Relocatable symbols

Exit 00000050

Symbol: Exit
   Definitions
      At line 57 in file prog1.s
   Uses
      At line 57 in file prog1.s
Comment: Exit used once
FaultISR 00000054

Symbol: FaultISR
   Definitions
      At line 60 in file prog1.s
   Uses
      At line 20 in file prog1.s
      At line 60 in file prog1.s

IntDefaultHandler 00000056

Symbol: IntDefaultHandler
   Definitions
      At line 63 in file prog1.s
   Uses
      At line 21 in file prog1.s
      At line 22 in file prog1.s
      At line 23 in file prog1.s

NmiISR 00000052

Symbol: NmiISR
   Definitions
      At line 59 in file prog1.s
   Uses
      At line 19 in file prog1.s
      At line 59 in file prog1.s

RESET 00000000

Symbol: RESET
   Definitions
      At line 12 in file prog1.s
   Uses
      None
Comment: RESET unused
Reset_Handler 0000001C

Symbol: Reset_Handler
   Definitions
      At line 28 in file prog1.s
   Uses
      At line 18 in file prog1.s
      At line 25 in file prog1.s

6 symbols



ARM Macro Assembler    Page 1 Alphabetic symbol ordering
Absolute symbols

DivbyZ 00000D14

Symbol: DivbyZ
   Definitions
      At line 2 in file prog1.s
   Uses
      At line 35 in file prog1.s
Comment: DivbyZ used once
NVICBase E000E000

Symbol: NVICBase
   Definitions
      At line 5 in file prog1.s
   Uses
      At line 34 in file prog1.s
Comment: NVICBase used once
SYSHNDCTRL 00000D24

Symbol: SYSHNDCTRL
   Definitions
      At line 3 in file prog1.s
   Uses
      At line 41 in file prog1.s
Comment: SYSHNDCTRL used once
Stack 00000100

Symbol: Stack
   Definitions
      At line 1 in file prog1.s
   Uses
      At line 9 in file prog1.s
      At line 17 in file prog1.s

Usagefault 00000D2A

Symbol: Usagefault
   Definitions
      At line 4 in file prog1.s
   Uses
      At line 65 in file prog1.s
Comment: Usagefault used once
5 symbols
348 symbols in table
