


ARM Macro Assembler    Page 1 


    1 00000000         ; Program 1
    2 00000000                 AREA             FinalExam_Pretest_1, CODE, READ
ONLY
    3 00000000                 ENTRY
    4 00000000         
    5 00000000         ; Q1.STMIA + LDMDA
    6 00000000 EB000013        BL               Initialize
    7 00000004 E3A08181        LDR              r8, =0x40000020
    8 00000008 E3A091B1        LDR              r9, =0x4000002C
    9 0000000C         
   10 0000000C E888000F        STMIA            r8, {r0, r1, r2, r3}
   11 00000010 E81900F0        LDMDA            r9, {r4, r5, r6, r7}
   12 00000014         
   13 00000014         ; Q2.STMIB + LDMDB
   14 00000014 EB00000E        BL               Initialize
   15 00000018 E3A08171        LDR              r8, =0x4000001C
   16 0000001C E3A091C1        LDR              r9, =0x40000030
   17 00000020         
   18 00000020 E988000F        STMIB            r8, {r0, r1, r2, r3}
   19 00000024 E91900F0        LDMDB            r9, {r4, r5, r6, r7}
   20 00000028         
   21 00000028         ; Q3.STMDA + LDMIA
   22 00000028 EB000009        BL               Initialize
   23 0000002C E3A081B1        LDR              r8, =0x4000002C
   24 00000030 E3A09181        LDR              r9, =0x40000020
   25 00000034         
   26 00000034 E808000F        STMDA            r8, {r0, r1, r2, r3}
   27 00000038 E89900F0        LDMIA            r9, {r4, r5, r6, r7}
   28 0000003C         
   29 0000003C         ; Q4.STMDB + LDMIB
   30 0000003C EB000004        BL               Initialize
   31 00000040 E3A081C1        LDR              r8, =0x40000030
   32 00000044 E3A09171        LDR              r9, =0x4000001C
   33 00000048         
   34 00000048 E908000F        STMDB            r8, {r0, r1, r2, r3}
   35 0000004C E99900F0        LDMIB            r9, {r4, r5, r6, r7}
   36 00000050         
   37 00000050 EAFFFFFE 
                       stop    B                stop
   38 00000054         
   39 00000054         Initialize
   40 00000054 E59F001C        LDR              r0, =0xBBBBBBBB
   41 00000058 E3E01000        LDR              r1, =0xFFFFFFFF
   42 0000005C E59F2018        LDR              r2, =0xEEEEEEEE
   43 00000060 E59F3018        LDR              r3, =0xDDDDDDDD
   44 00000064         
   45 00000064 E3A04000        LDR              r4, =0
   46 00000068 E3A05000        LDR              r5, =0
   47 0000006C E3A06000        LDR              r6, =0
   48 00000070 E3A07000        LDR              r7, =0
   49 00000074         
   50 00000074 E12FFF1E        BX               lr
   51 00000078         
   52 00000078                 END
              BBBBBBBB 
              EEEEEEEE 
              DDDDDDDD 
Command Line: --debug --xref --diag_suppress=9931 --apcs=interwork --depend=.\o
bjects\prog1.d -o.\objects\prog1.o -IC:\Keil_v5\ARM\RV31\INC -IC:\Keil_v5\ARM\C



ARM Macro Assembler    Page 2 


MSIS\Include -IC:\Keil_v5\ARM\INC\Philips --predefine="__EVAL SETA 1" --predefi
ne="__UVISION_VERSION SETA 528" --list=.\listings\prog1.lst prog1.s



ARM Macro Assembler    Page 1 Alphabetic symbol ordering
Relocatable symbols

FinalExam_Pretest_1 00000000

Symbol: FinalExam_Pretest_1
   Definitions
      At line 2 in file prog1.s
   Uses
      None
Comment: FinalExam_Pretest_1 unused
Initialize 00000054

Symbol: Initialize
   Definitions
      At line 39 in file prog1.s
   Uses
      At line 6 in file prog1.s
      At line 14 in file prog1.s
      At line 22 in file prog1.s
      At line 30 in file prog1.s

stop 00000050

Symbol: stop
   Definitions
      At line 37 in file prog1.s
   Uses
      At line 37 in file prog1.s
Comment: stop used once
3 symbols
337 symbols in table
