


ARM Macro Assembler    Page 1 


    1 00000000                 AREA             UARTDEMO, CODE, READONLY
    2 00000000 E002C000 
                       PINSEL0 EQU              0XE002C000  ; controls the func
                                                            tion of the pins
    3 00000000 E000C000 
                       U0START EQU              0XE000C000  ; start of UART0 re
                                                            gister
    4 00000000 0000000C 
                       LCR0    EQU              0XC         ; line control regi
                                                            ster for UART0
    5 00000000 00000014 
                       LSR0    EQU              0X14        ; line status regis
                                                            ter for UART0
    6 00000000 40000020 
                       RAMSTART
                               EQU              0X40000020  ; start of onboard 
                                                            RAM for 2104
    7 00000000         
    8 00000000                 ENTRY
    9 00000000         start
   10 00000000 E59FD088        LDR              sp, =RAMSTART ; set up stack po
                                                            inter
   11 00000004 EB000005        BL               UARTConfig  ; initialize/config
                                                            ure UART0
   12 00000008         
   13 00000008 E59F1084        LDR              r1, =CharData ; starting addres
                                                            s of characters
   14 0000000C         Loop1
   15 0000000C E4D10001        LDRB             r0, [r1], #1 ; load character, 
                                                            increment address
   16 00000010 E3500000        CMP              r0, #0      ; null terminated?
   17 00000014 1B00000F        BLNE             Transmit    ; send character to
                                                             UAER0
   18 00000018 1AFFFFFB        BNE              Loop1       ; continue if not a
                                                             '0'
   19 0000001C         
   20 0000001C EAFFFFFE 
                       done    B                done        ; otherwise we're d
                                                            one
   21 00000020         
   22 00000020         ; Subroutine UARTConfig
   23 00000020         ; This subroutine configures the I/O pins first. It
   24 00000020         ; then sets up the UART control register. The
   25 00000020         ; parameters
   26 00000020         ; are set to 8 bits, no parity and 1 stop bit.
   27 00000020         ; Registers used:
   28 00000020         ; r5 – scratch register
   29 00000020         ; r6 – scratch register
   30 00000020         ; inputs: none
   31 00000020         ; outputs: none
   32 00000020         ; 411440521JoshLee
   33 00000020         ; full descending stack (a)(b)
   34 00000020         UARTConfig
   35 00000020 E92D4060        STMDB            sp!, {r5, r6, lr}
   36 00000024         
   37 00000024 E59F506C        LDR              r5, =PINSEL0 ; base address of 
                                                            register
   38 00000028 E5956000        LDR              r6, [r5]    ; get contents
   39 0000002C E3C6600F        BIC              r6, r6, #0xF ; clear out lower 



ARM Macro Assembler    Page 2 


                                                            nibble
   40 00000030 E3866005        ORR              r6, r6, #0x5 ; sets P0.0 to Tx0
                                                             and P0.1 to Rx0
   41 00000034 E5856000        STR              r6, [r5]    ; r/modify/w back t
                                                            o register
   42 00000038         
   43 00000038 E59F505C        LDR              r5, =U0START
   44 0000003C         ; MOV     r6, #0x9C           ; set 5 bits, even parity,
                        2 stop bit
   45 0000003C E3A0608B        MOV              r6, #0x8B   ; set 8 bits, odd p
                                                            arity, 1 stop bit -
                                                            > 1(c)
   46 00000040 E5C5600C        STRB             r6, [r5, #LCR0] ; write control
                                                             byte to LCR
   47 00000044         
   48 00000044         ; MOV     r6, #0xEA           ; 12800 baud @48 MHz VPB c
                       lock
   49 00000044 E3A0600F        MOV              r6, #0xF    ; 12800 baud @3 MHz
                                                             VPB clock -> 1(c)
   50 00000048 E5C56000        STRB             r6, [r5]    ; store control byt
                                                            e
   51 0000004C         
   52 0000004C         ; MOV     r6, #0x1C   ; set DLAB = 0
   53 0000004C E3A0600B        MOV              r6, #0xB    ; set DLAB = 0 -> 1
                                                            (c)
   54 00000050 E5C5600C        STRB             r6, [r5, #LCR0] ; Tx and Rx buf
                                                            fers set up
   55 00000054         
   56 00000054 E8BD8060        LDMIA            sp!, {r5, r6, pc}
   57 00000058         
   58 00000058         ; Subroutine Transmit
   59 00000058         ; This routine puts one byte into the UART
   60 00000058         ; for transmitting.
   61 00000058         ; Register used:
   62 00000058         ; r5 - scratch
   63 00000058         ; r6 - scratch
   64 00000058         ; inputs: r0- byte to transmit
   65 00000058         ; outputs: none
   66 00000058         ;
   67 00000058         
   68 00000058         Transmit
   69 00000058 E8AD4060        STMIA            sp!, {r5, r6, lr}
   70 0000005C E59F5038        LDR              r5, =U0START
   71 00000060         wait
   72 00000060 E5D56014        LDRB             r6, [r5, #LSR0] ; get status of
                                                             buffer
   73 00000064 E3560020        CMP              r6, #0x20   ; buffer empty?
   74 00000068 0AFFFFFC        BEQ              wait        ; spin until buffer
                                                             empty
   75 0000006C E5C50000        STRB             r0, [r5]
   76 00000070 E93D8060        LDMDB            sp!, {r5, r6, pc}
   77 00000074         
   78 00000074         CharData
   79 00000074 54 4B 55 
              2D 45 43 
              45 2D 34 
              31 31 34 
              34 30 35 
              32 31 2D 



ARM Macro Assembler    Page 3 


              4A 6F 73 
              68 4C 65 
              65 00            DCB              "TKU-ECE-411440521-JoshLee", 0
   80 0000008E                 END
              00 00 40000020 
              00000000 
              E002C000 
              E000C000 
Command Line: --debug --xref --diag_suppress=9931 --apcs=interwork --depend=.\o
bjects\prog1.d -o.\objects\prog1.o -IC:\Keil_v5\ARM\RV31\INC -IC:\Keil_v5\ARM\C
MSIS\Include -IC:\Keil_v5\ARM\INC\Philips --predefine="__EVAL SETA 1" --predefi
ne="__UVISION_VERSION SETA 528" --list=.\listings\prog1.lst prog1.s



ARM Macro Assembler    Page 1 Alphabetic symbol ordering
Relocatable symbols

CharData 00000074

Symbol: CharData
   Definitions
      At line 78 in file prog1.s
   Uses
      At line 13 in file prog1.s
Comment: CharData used once
Loop1 0000000C

Symbol: Loop1
   Definitions
      At line 14 in file prog1.s
   Uses
      At line 18 in file prog1.s
Comment: Loop1 used once
Transmit 00000058

Symbol: Transmit
   Definitions
      At line 68 in file prog1.s
   Uses
      At line 17 in file prog1.s
Comment: Transmit used once
UARTConfig 00000020

Symbol: UARTConfig
   Definitions
      At line 34 in file prog1.s
   Uses
      At line 11 in file prog1.s
Comment: UARTConfig used once
UARTDEMO 00000000

Symbol: UARTDEMO
   Definitions
      At line 1 in file prog1.s
   Uses
      None
Comment: UARTDEMO unused
done 0000001C

Symbol: done
   Definitions
      At line 20 in file prog1.s
   Uses
      At line 20 in file prog1.s
Comment: done used once
start 00000000

Symbol: start
   Definitions
      At line 9 in file prog1.s
   Uses
      None
Comment: start unused
wait 00000060

Symbol: wait



ARM Macro Assembler    Page 2 Alphabetic symbol ordering
Relocatable symbols

   Definitions
      At line 71 in file prog1.s
   Uses
      At line 74 in file prog1.s
Comment: wait used once
8 symbols



ARM Macro Assembler    Page 1 Alphabetic symbol ordering
Absolute symbols

LCR0 0000000C

Symbol: LCR0
   Definitions
      At line 4 in file prog1.s
   Uses
      At line 46 in file prog1.s
      At line 54 in file prog1.s

LSR0 00000014

Symbol: LSR0
   Definitions
      At line 5 in file prog1.s
   Uses
      At line 72 in file prog1.s
Comment: LSR0 used once
PINSEL0 E002C000

Symbol: PINSEL0
   Definitions
      At line 2 in file prog1.s
   Uses
      At line 37 in file prog1.s
Comment: PINSEL0 used once
RAMSTART 40000020

Symbol: RAMSTART
   Definitions
      At line 6 in file prog1.s
   Uses
      At line 10 in file prog1.s
Comment: RAMSTART used once
U0START E000C000

Symbol: U0START
   Definitions
      At line 3 in file prog1.s
   Uses
      At line 43 in file prog1.s
      At line 70 in file prog1.s

5 symbols
347 symbols in table
