


ARM Macro Assembler    Page 1 


    1 00000000         ;---------------------------------------
    2 00000000         ;  Author: 411440521 JoshLee  
    3 00000000         ;  Date: 2023/10/27    
    4 00000000         ;---------------------------------------
    5 00000000                 AREA             prog3, CODE, READONLY
    6 00000000                 ENTRY
    7 00000000         
    8 00000000 E28F0024        ADR              R0, data1
    9 00000004 E28F1028        ADR              R1, data2
   10 00000008 E28F2034        ADR              R2, data3
   11 0000000C E28F3035        ADR              R3, data4
   12 00000010 E28F4033        ADR              R4, data5
   13 00000014 E28F5030        ADR              R5, data6
   14 00000018 E28F6034        ADR              R6, data7
   15 0000001C E28F7033        ADR              R7, data8
   16 00000020 E28F8034        ADR              R8, data9
   17 00000024 E28F903E        ADR              R9, data10
   18 00000028         
   19 00000028 EAFFFFFE 
                       stop    B                stop
   20 0000002C         
   21 0000002C CC 8E 37 
              FE 6B FF data1   DCW              0x8ECC, 0xFE37, -149
   22 00000032 00 00 0000FE37 
              00000001 
              00000005 
              00000014 data2   DCD              0xFE37, 1, 5, 20
   23 00000044 CF 17 27 
              54 FA    data3   DCB              0xCF, 23, 39, 0x54, 250
   24 00000049 34 12   data4   DCWU             0x1234
   25 0000004B FF      data5   DCB              255
   26 0000004C 12345678 
              FFFFEF1F data6   DCDU             0x12345678, -4321
   27 00000054 A3      data7   DCB              0xA3
   28 00000055 00 00           ALIGN            4, 3
   29 00000057 25 FC   data8   DCWU             0xFC25
   30 00000059 00 00 00        ALIGN
   31 0000005C 4D 56 50 
              5F 4E 2E 
              20 4A 6F 
              6B 69 63 
              00       data9   DCB              "MVP_N. Jokic", 0
   32 00000069 00 12 EF 
                       data10  DCW              0xEF12
   33 0000006C         
   34 0000006C                 END
Command Line: --debug --xref --diag_suppress=9931 --apcs=interwork --depend=.\o
bjects\prog3.d -o.\objects\prog3.o -IC:\Keil_v5\ARM\RV31\INC -IC:\Keil_v5\ARM\C
MSIS\Include -IC:\Keil_v5\ARM\INC\Philips --predefine="__EVAL SETA 1" --predefi
ne="__UVISION_VERSION SETA 528" --list=.\listings\prog3.lst prog3.s



ARM Macro Assembler    Page 1 Alphabetic symbol ordering
Relocatable symbols

data1 0000002C

Symbol: data1
   Definitions
      At line 21 in file prog3.s
   Uses
      At line 8 in file prog3.s
Comment: data1 used once
data10 0000006A

Symbol: data10
   Definitions
      At line 32 in file prog3.s
   Uses
      At line 17 in file prog3.s
Comment: data10 used once
data2 00000034

Symbol: data2
   Definitions
      At line 22 in file prog3.s
   Uses
      At line 9 in file prog3.s
Comment: data2 used once
data3 00000044

Symbol: data3
   Definitions
      At line 23 in file prog3.s
   Uses
      At line 10 in file prog3.s
Comment: data3 used once
data4 00000049

Symbol: data4
   Definitions
      At line 24 in file prog3.s
   Uses
      At line 11 in file prog3.s
Comment: data4 used once
data5 0000004B

Symbol: data5
   Definitions
      At line 25 in file prog3.s
   Uses
      At line 12 in file prog3.s
Comment: data5 used once
data6 0000004C

Symbol: data6
   Definitions
      At line 26 in file prog3.s
   Uses
      At line 13 in file prog3.s
Comment: data6 used once
data7 00000054

Symbol: data7



ARM Macro Assembler    Page 2 Alphabetic symbol ordering
Relocatable symbols

   Definitions
      At line 27 in file prog3.s
   Uses
      At line 14 in file prog3.s
Comment: data7 used once
data8 00000057

Symbol: data8
   Definitions
      At line 29 in file prog3.s
   Uses
      At line 15 in file prog3.s
Comment: data8 used once
data9 0000005C

Symbol: data9
   Definitions
      At line 31 in file prog3.s
   Uses
      At line 16 in file prog3.s
Comment: data9 used once
prog3 00000000

Symbol: prog3
   Definitions
      At line 5 in file prog3.s
   Uses
      None
Comment: prog3 unused
stop 00000028

Symbol: stop
   Definitions
      At line 19 in file prog3.s
   Uses
      At line 19 in file prog3.s
Comment: stop used once
12 symbols
344 symbols in table
