


ARM Macro Assembler    Page 1 


    1 00000000                 AREA             prog2, CODE, READONLY
    2 00000000                 ENTRY
    3 00000000         
    4 00000000         ; 411440521 JoshLee
    5 00000000         ;--------------------------------------;2.(1)
    6 00000000         ; Compute j = (2n + 2m - 2p) - 48 and put j in r5, 
    7 00000000         ; assuming n = 7, m = 6 and p = 5 are respectively 
    8 00000000         ; in r2, r3 and r4 initially.
    9 00000000 E3A02007        MOV              r2, #7      ; n=7
   10 00000004 E3A03006        MOV              r3, #6      ; m=6
   11 00000008 E3A04005        MOV              r4, #5      ; p=5
   12 0000000C E3A00001        LDR              r0, =1      ; 2^1
   13 00000010 E0855210        ADD              r5, r0, LSL r2 ; 2^n
   14 00000014 E0855310        ADD              r5, r0, LSL r3 ; 2^n+2^m
   15 00000018 E0455410        SUB              r5, r0, LSL r4 ; 2^n+2^m-2^p
   16 0000001C E2455030        SUB              r5, #48     ; (2^n+2^m-2^p)-48
   17 00000020         
   18 00000020         ; r3 is reference adress (0x40000000)
   19 00000020         ; r4 is test number
   20 00000020         ; r5 is the answer
   21 00000020         ; r6 is data length
   22 00000020         ; r7 is data
   23 00000020         ; r10 is temp adress
   24 00000020         ; r11 is temp data
   25 00000020         
   26 00000020         ; 411440521 JoshLee
   27 00000020         ;--------------------------------------;2.(2)
   28 00000020 E3A0A141        LDR              r10, =0x40000010
   29 00000024 E59FB0DC        LDR              r11, =0xDEADABCD
   30 00000028 E58AB000        STR              r11, [r10]
   31 0000002C         
   32 0000002C E3A0A181        LDR              r10, =0x40000020
   33 00000030 E59FB0D4        LDR              r11, =0xABCD8765
   34 00000034 E58AB000        STR              r11, [r10]
   35 00000038         
   36 00000038 E3A0A1C1        LDR              r10, =0x40000030
   37 0000003C E59FB0CC        LDR              r11, =0xBEEFFACE
   38 00000040 E58AB000        STR              r11, [r10]
   39 00000044 E3A03101        LDR              r3, =0x40000000
   40 00000048         
   41 00000048         
   42 00000048         ; 411440521 JoshLee
   43 00000048         ;--------------------------------------;2.(2)(a)
   44 00000048         ; the number of ones (using TST) in the word at address 
                       0x40000010.
   45 00000048 E3A04001        LDR              r4, =1
   46 0000004C E3A05000        LDR              r5, =0
   47 00000050 E3A06020        LDR              r6, =32
   48 00000054 E5937010        LDR              r7, [r3, #0x10]
   49 00000058         
   50 00000058 E1170004 
                       loopa   TST              r7, r4
   51 0000005C 12855001        ADDNE            r5, #1
   52 00000060 E1A04084        LSL              r4, #1
   53 00000064 E2466001        SUB              r6, #1
   54 00000068 E3560000        CMP              r6, #0
   55 0000006C 1AFFFFF9        BNE              loopa
   56 00000070 E5835040        STR              r5, [r3, #0x40]
   57 00000074         



ARM Macro Assembler    Page 2 


   58 00000074         
   59 00000074         ; 411440521 JoshLee
   60 00000074         ;--------------------------------------;2.(2)(b)
   61 00000074         ; the number of ones (using AND) in the word at address 
                       0x40000020.
   62 00000074 E3A04001        LDR              r4, =1
   63 00000078 E3A05000        LDR              r5, =0
   64 0000007C E3A06020        LDR              r6, =32
   65 00000080 E5937020        LDR              r7, [r3, #0x20]
   66 00000084         
   67 00000084 E0078004 
                       loopb   AND              r8, r7, r4
   68 00000088 E3580001        CMP              r8, #1
   69 0000008C 02855001        ADDEQ            r5, #1
   70 00000090 E1A070A7        LSR              r7, #1
   71 00000094 E2466001        SUB              r6, #1
   72 00000098 E3560000        CMP              r6, #0
   73 0000009C 1AFFFFF8        BNE              loopb
   74 000000A0 E5835044        STR              r5, [r3, #0x44]
   75 000000A4         
   76 000000A4         
   77 000000A4         ; 411440521 JoshLee
   78 000000A4         ;--------------------------------------;2.(2)(c)
   79 000000A4         ; the number of zeros (using TST and without using SUB) 
                       in 
   80 000000A4         ; the word ataddress 0x40000030.
   81 000000A4 E3A04001        LDR              r4, =1
   82 000000A8 E3A05000        LDR              r5, =0
   83 000000AC E3A06000        LDR              r6, =0
   84 000000B0 E5937030        LDR              r7, [r3, #0x30]
   85 000000B4         
   86 000000B4 E1170004 
                       loopc   TST              r7, r4
   87 000000B8 02855001        ADDEQ            r5, #1
   88 000000BC E1A04084        LSL              r4, #1
   89 000000C0 E2866001        ADD              r6, #1
   90 000000C4 E3560020        CMP              r6, #32
   91 000000C8 1AFFFFF9        BNE              loopc
   92 000000CC E5835048        STR              r5, [r3, #0x48]
   93 000000D0         
   94 000000D0         
   95 000000D0         ; 411440521 JoshLee
   96 000000D0         ;--------------------------------------;2.(2)(d)
   97 000000D0         ; the number of different bits between the 2 words at 
   98 000000D0         ; addresses 0x40000020 and 0x40000030
   99 000000D0 E3A04001        LDR              r4, =1
  100 000000D4 E3A05000        LDR              r5, =0
  101 000000D8 E3A06020        LDR              r6, =32
  102 000000DC E5937020        LDR              r7, [r3, #0x20]
  103 000000E0 E5938030        LDR              r8, [r3, #0x30]
  104 000000E4 E0279008        EOR              r9, r7, r8
  105 000000E8         
  106 000000E8 E1190004 
                       loopd   TST              r9, r4
  107 000000EC 12855001        ADDNE            r5, #1
  108 000000F0 E1A04084        LSL              r4, #1
  109 000000F4 E2466001        SUB              r6, #1
  110 000000F8 E3560000        CMP              r6, #0
  111 000000FC 1AFFFFF9        BNE              loopd



ARM Macro Assembler    Page 3 


  112 00000100 E583504C        STR              r5, [r3, #0x4C]
  113 00000104         
  114 00000104 EAFFFFFE 
                       stop    B                stop
  115 00000108                 END
              DEADABCD 
              ABCD8765 
              BEEFFACE 
Command Line: --debug --xref --diag_suppress=9931 --apcs=interwork --depend=.\o
bjects\prog2.d -o.\objects\prog2.o -IC:\Keil_v5\ARM\RV31\INC -IC:\Keil_v5\ARM\C
MSIS\Include -IC:\Keil_v5\ARM\INC\Philips --predefine="__EVAL SETA 1" --predefi
ne="__UVISION_VERSION SETA 528" --list=.\listings\prog2.lst prog2.s



ARM Macro Assembler    Page 1 Alphabetic symbol ordering
Relocatable symbols

loopa 00000058

Symbol: loopa
   Definitions
      At line 50 in file prog2.s
   Uses
      At line 55 in file prog2.s
Comment: loopa used once
loopb 00000084

Symbol: loopb
   Definitions
      At line 67 in file prog2.s
   Uses
      At line 73 in file prog2.s
Comment: loopb used once
loopc 000000B4

Symbol: loopc
   Definitions
      At line 86 in file prog2.s
   Uses
      At line 91 in file prog2.s
Comment: loopc used once
loopd 000000E8

Symbol: loopd
   Definitions
      At line 106 in file prog2.s
   Uses
      At line 111 in file prog2.s
Comment: loopd used once
prog2 00000000

Symbol: prog2
   Definitions
      At line 1 in file prog2.s
   Uses
      None
Comment: prog2 unused
stop 00000104

Symbol: stop
   Definitions
      At line 114 in file prog2.s
   Uses
      At line 114 in file prog2.s
Comment: stop used once
6 symbols
340 symbols in table
